Workspace extension with invalid name (defaultProject) found.
One or more browsers which are configured in the project's Browserslist configuration will be ignored as ES5 output is not supported by the Angular CLI.
Ignored browsers:
kaios 2.5, op_mini all
One or more browsers which are configured in the project's Browserslist configuration fall outside Angular's browser support for this version.
Unsupported browsers:
and_qq 14.9, and_uc 15.5, android 147, chrome 109, kaios 3.0-3.1, op_mob 80, opera 127, opera 126, samsung 29, samsung 28
- Generating browser application bundles (phase: setup)...
✔ Browser application bundle generation complete.
✔ Browser application bundle generation complete.
- Copying assets...
✔ Copying assets complete.
- Generating index html...
✔ Index html generation complete.

[1mInitial chunk files[22m[2m | [22m[1mNames[22m        [2m | [22m [1mRaw size[22m[2m | [22m[1mEstimated transfer size[22m
[32mmain.js[39m            [2m | [22m[2mmain[22m         [2m | [22m  [36m2.69 MB[39m[2m | [22m              [36m530.45 kB[39m
[32mstyles.css[39m         [2m | [22m[2mstyles[22m       [2m | [22m[36m685.65 kB[39m[2m | [22m               [36m48.72 kB[39m
[32mpolyfills.js[39m       [2m | [22m[2mpolyfills[22m    [2m | [22m [36m35.58 kB[39m[2m | [22m               [36m11.47 kB[39m
[32mruntime.js[39m         [2m | [22m[2mruntime[22m      [2m | [22m  [36m3.23 kB[39m[2m | [22m                [36m1.46 kB[39m

[1m [22m                  [2m | [22m[1mInitial total[22m[2m | [22m  [1m3.41 MB[22m[2m | [22m              [1m592.10 kB[22m

[1mLazy chunk files[22m   [2m | [22m[1mNames[22m        [2m | [22m [1mRaw size[22m[2m | [22m[1mEstimated transfer size[22m
[32m288.js[39m             [2m | [22m[2mxlsx[22m         [2m | [22m[36m281.50 kB[39m[2m | [22m               [36m79.31 kB[39m
[32m578.js[39m             [2m | [22m[2mfile-saver[22m   [2m | [22m  [36m2.66 kB[39m[2m | [22m                [36m1.10 kB[39m

Build at: 2026-04-08T23:51:05.599Z - Hash: 02b975b2b57f7bb4 - Time: 8597ms

Warning: C:/Users/minaj/Work/GitHub/ControlHorarioApp/src/environments/environment.prod.ts is part of the TypeScript compilation but it's unused.
Add only entry points to the 'files' or 'include' properties in your tsconfig.

Warning: C:/Users/minaj/Work/GitHub/ControlHorarioApp/src/test.ts is part of the TypeScript compilation but it's unused.
Add only entry points to the 'files' or 'include' properties in your tsconfig.

Warning: C:\Users\minaj\Work\GitHub\ControlHorarioApp\src\app\components\informe\informe.component.ts depends on 'file-saver'. CommonJS or AMD dependencies can cause optimization bailouts.
For more info see: https://angular.dev/tools/cli/build#configuring-commonjs-dependencies

Warning: C:\Users\minaj\Work\GitHub\ControlHorarioApp\src\app\components\informe\informe.component.ts depends on 'html2pdf.js'. CommonJS or AMD dependencies can cause optimization bailouts.
For more info see: https://angular.dev/tools/cli/build#configuring-commonjs-dependencies


